<?xml version="1.0" encoding="UTF-8"?>
<testng-results skipped="0" failed="0" ignored="0" total="3" passed="3">
  <reporter-output>
  </reporter-output>
  <suite name="MySuite" duration-ms="81" started-at="2020-08-01T22:35:44 IST" finished-at="2020-08-01T22:35:44 IST">
    <groups>
    </groups>
    <test name="Test1" duration-ms="49" started-at="2020-08-01T22:35:44 IST" finished-at="2020-08-01T22:35:44 IST">
      <class name="com.home.TestClass">
        <test-method status="PASS" signature="TestData(java.lang.String, int)[pri:0, instance:com.home.TestClass@6a4f787b]" name="TestData" duration-ms="2" started-at="2020-08-01T22:35:44 IST" data-provider="getData" finished-at="2020-08-01T22:35:44 IST">
          <params>
            <param index="0">
              <value>
                <![CDATA[Madan Nautiyal]]>
              </value>
            </param>
            <param index="1">
              <value>
                <![CDATA[1234]]>
              </value>
            </param>
          </params>
          <reporter-output>
          </reporter-output>
        </test-method> <!-- TestData -->
        <test-method status="PASS" signature="TestData(java.lang.String, int)[pri:0, instance:com.home.TestClass@6a4f787b]" name="TestData" duration-ms="1" started-at="2020-08-01T22:35:44 IST" data-provider="getData" finished-at="2020-08-01T22:35:44 IST">
          <params>
            <param index="0">
              <value>
                <![CDATA[Rishita Nautiyal]]>
              </value>
            </param>
            <param index="1">
              <value>
                <![CDATA[2345]]>
              </value>
            </param>
          </params>
          <reporter-output>
          </reporter-output>
        </test-method> <!-- TestData -->
      </class> <!-- com.home.TestClass -->
    </test> <!-- Test1 -->
    <test name="Test2" duration-ms="5" started-at="2020-08-01T22:35:44 IST" finished-at="2020-08-01T22:35:44 IST">
      <class name="com.home.TestClass">
        <test-method status="PASS" signature="BeforeSuite()[pri:0, instance:com.home.TestClass@6a4f787b]" name="BeforeSuite" is-config="true" duration-ms="19" started-at="2020-08-01T22:35:44 IST" finished-at="2020-08-01T22:35:44 IST">
          <reporter-output>
          </reporter-output>
        </test-method> <!-- BeforeSuite -->
      </class> <!-- com.home.TestClass -->
      <class name="com.home.TestClassB">
        <test-method status="PASS" signature="BeforeSuite()[pri:0, instance:com.home.TestClassB@6500df86]" name="BeforeSuite" is-config="true" duration-ms="0" started-at="2020-08-01T22:35:44 IST" finished-at="2020-08-01T22:35:44 IST">
          <reporter-output>
          </reporter-output>
        </test-method> <!-- BeforeSuite -->
        <test-method status="PASS" signature="TestD()[pri:0, instance:com.home.TestClassB@6500df86]" name="TestD" duration-ms="3" started-at="2020-08-01T22:35:44 IST" finished-at="2020-08-01T22:35:44 IST">
          <reporter-output>
          </reporter-output>
        </test-method> <!-- TestD -->
      </class> <!-- com.home.TestClassB -->
    </test> <!-- Test2 -->
  </suite> <!-- MySuite -->
</testng-results>
