<?xml version="1.0" encoding="UTF-8"?>
<testsuite xmlns:xsi="http://www.w3.org/2001/XMLSchema-instance" xsi:noNamespaceSchemaLocation="https://maven.apache.org/surefire/maven-surefire-plugin/xsd/surefire-test-report-3.0.xsd" version="3.0" name="TestSuite" time="0.903" tests="3" errors="0" skipped="0" failures="0">
  <properties>
[...]
</properties>
  <testcase name="TestData[Madan Nautiyal, 1234](1)" classname="com.home.TestClass" time="0.004">
    <system-out><![CDATA[Running before suite
Running before suite next class
Running with DataProvider Madan Nautiyal  and 1234
]]></system-out>
  </testcase>
  <testcase name="TestData[Rishita Nautiyal, 2345](2)" classname="com.home.TestClass" time="0.001">
    <system-out><![CDATA[Running with DataProvider Rishita Nautiyal  and 2345
]]></system-out>
  </testcase>
  <testcase name="TestD" classname="com.home.TestClassB" time="0"/>
</testsuite>