-------------------------------------------------------------------------------
Test set: TestSuite
-------------------------------------------------------------------------------
Tests run: 1, Failures: 1, Errors: 0, Skipped: 0, Time elapsed: 0.915 s <<< FAILURE! - in TestSuite
com.home.TestClass.TestCaseFailed  Time elapsed: 0.014 s  <<< FAILURE!
java.lang.AssertionError: did not expect to find [true] but found [false]
	at com.home.TestClass.TestCaseFailed(TestClass.java:30)

