<?xml version="1.0" encoding="UTF-8"?>
<testsuite xmlns:xsi="http://www.w3.org/2001/XMLSchema-instance" xsi:noNamespaceSchemaLocation="https://maven.apache.org/surefire/maven-surefire-plugin/xsd/surefire-test-report-3.0.xsd" version="3.0" name="TestSuite" time="0.915" tests="1" errors="0" skipped="0" failures="1">
  <properties>
[...]
</properties>
  <testcase name="TestCaseFailed" classname="com.home.TestClass" time="0.014">
    <failure message="did not expect to find [true] but found [false]" type="java.lang.AssertionError"><![CDATA[java.lang.AssertionError: did not expect to find [true] but found [false]
	at com.home.TestClass.TestCaseFailed(TestClass.java:30)
]]></failure>
    <system-out><![CDATA[Running before suite
onStart method started
New Test StartedTestCaseFailed
onTestFailure MethodTestCaseFailed
]]></system-out>
  </testcase>
</testsuite>