<?xml version="1.0" encoding="UTF-8"?>
<testng-results skipped="0" failed="0" ignored="0" total="4" passed="4">
  <reporter-output>
  </reporter-output>
  <suite name="SuiteA" duration-ms="10096" started-at="2020-08-04T23:08:16 IST" finished-at="2020-08-04T23:08:26 IST">
    <groups>
    </groups>
    <test name="Test" duration-ms="10096" started-at="2020-08-04T23:08:16 IST" finished-at="2020-08-04T23:08:26 IST">
      <class name="com.home.suiteA.TestA">
        <test-method status="PASS" signature="testA()[pri:0, instance:com.home.suiteA.TestA@6f7fd0e6]" name="testA" duration-ms="5011" started-at="2020-08-04T23:08:16 IST" finished-at="2020-08-04T23:08:21 IST">
          <reporter-output>
          </reporter-output>
        </test-method> <!-- testA -->
      </class> <!-- com.home.suiteA.TestA -->
      <class name="com.home.suiteA.TestA2">
        <test-method status="PASS" signature="testB()[pri:0, instance:com.home.suiteA.TestA2@47c62251]" name="testB" duration-ms="5002" started-at="2020-08-04T23:08:21 IST" finished-at="2020-08-04T23:08:26 IST">
          <reporter-output>
          </reporter-output>
        </test-method> <!-- testB -->
      </class> <!-- com.home.suiteA.TestA2 -->
    </test> <!-- Test -->
  </suite> <!-- SuiteA -->
  <suite name="SuiteB" duration-ms="5085" started-at="2020-08-04T23:08:16 IST" finished-at="2020-08-04T23:08:21 IST">
    <groups>
    </groups>
    <test name="Test2" duration-ms="5084" started-at="2020-08-04T23:08:16 IST" finished-at="2020-08-04T23:08:21 IST">
      <class name="com.home.suiteB.TestB2">
        <test-method status="PASS" signature="testB()[pri:0, instance:com.home.suiteB.TestB2@271053e1]" name="testB" duration-ms="5011" started-at="2020-08-04T23:08:16 IST" finished-at="2020-08-04T23:08:21 IST">
          <reporter-output>
          </reporter-output>
        </test-method> <!-- testB -->
      </class> <!-- com.home.suiteB.TestB2 -->
    </test> <!-- Test2 -->
    <test name="Test1" duration-ms="5085" started-at="2020-08-04T23:08:16 IST" finished-at="2020-08-04T23:08:21 IST">
      <class name="com.home.suiteB.TestB1">
        <test-method status="PASS" signature="testA()[pri:0, instance:com.home.suiteB.TestB1@57fffcd7]" name="testA" duration-ms="5011" started-at="2020-08-04T23:08:16 IST" finished-at="2020-08-04T23:08:21 IST">
          <reporter-output>
          </reporter-output>
        </test-method> <!-- testA -->
      </class> <!-- com.home.suiteB.TestB1 -->
    </test> <!-- Test1 -->
  </suite> <!-- SuiteB -->
</testng-results>
