<?xml version="1.0" encoding="UTF-8"?>
<testsuite xmlns:xsi="http://www.w3.org/2001/XMLSchema-instance" xsi:noNamespaceSchemaLocation="https://maven.apache.org/surefire/maven-surefire-plugin/xsd/surefire-test-report-3.0.xsd" version="3.0" name="TestSuite" time="11.052" tests="4" errors="0" skipped="0" failures="0">
  <properties>
[...]
</properties>
  <testcase name="testA" classname="com.home.suiteA.TestA" time="5.025">
    <system-out><![CDATA[Starting test A
Starting test B2
Starting test B
Ending test B
Ending test A
Ending test B2
]]></system-out>
  </testcase>
  <testcase name="testB" classname="com.home.suiteB.TestB2" time="5.029"/>
  <testcase name="testA" classname="com.home.suiteB.TestB1" time="5.029"/>
  <testcase name="testB" classname="com.home.suiteA.TestA2" time="5">
    <system-out><![CDATA[Starting test A2
Ending test A2
]]></system-out>
  </testcase>
</testsuite>