<?xml version="1.0" encoding="UTF-8"?>
<testng-results skipped="0" failed="0" ignored="0" total="4" passed="4">
  <reporter-output>
  </reporter-output>
  <suite name="Suite" duration-ms="0" started-at="2020-08-04T23:04:15 IST" finished-at="2020-08-04T23:04:15 IST">
    <groups>
    </groups>
  </suite> <!-- Suite -->
  <suite name="SuiteA" duration-ms="10089" started-at="2020-08-04T23:03:59 IST" finished-at="2020-08-04T23:04:09 IST">
    <groups>
    </groups>
    <test name="Test" duration-ms="10089" started-at="2020-08-04T23:03:59 IST" finished-at="2020-08-04T23:04:09 IST">
      <class name="com.home.suiteA.TestA">
        <test-method status="PASS" signature="testA()[pri:0, instance:com.home.suiteA.TestA@5ec0a365]" name="testA" duration-ms="5014" started-at="2020-08-04T23:03:59 IST" finished-at="2020-08-04T23:04:04 IST">
          <reporter-output>
          </reporter-output>
        </test-method> <!-- testA -->
      </class> <!-- com.home.suiteA.TestA -->
      <class name="com.home.suiteA.TestA2">
        <test-method status="PASS" signature="testB()[pri:0, instance:com.home.suiteA.TestA2@4fe3c938]" name="testB" duration-ms="5001" started-at="2020-08-04T23:04:04 IST" finished-at="2020-08-04T23:04:09 IST">
          <reporter-output>
          </reporter-output>
        </test-method> <!-- testB -->
      </class> <!-- com.home.suiteA.TestA2 -->
    </test> <!-- Test -->
  </suite> <!-- SuiteA -->
  <suite name="SuiteB" duration-ms="5027" started-at="2020-08-04T23:04:10 IST" finished-at="2020-08-04T23:04:15 IST">
    <groups>
    </groups>
    <test name="Test2" duration-ms="5027" started-at="2020-08-04T23:04:10 IST" finished-at="2020-08-04T23:04:15 IST">
      <class name="com.home.suiteB.TestB2">
        <test-method status="PASS" signature="testB()[pri:0, instance:com.home.suiteB.TestB2@5b87ed94]" name="testB" duration-ms="5003" started-at="2020-08-04T23:04:10 IST" finished-at="2020-08-04T23:04:15 IST">
          <reporter-output>
          </reporter-output>
        </test-method> <!-- testB -->
      </class> <!-- com.home.suiteB.TestB2 -->
    </test> <!-- Test2 -->
    <test name="Test1" duration-ms="5023" started-at="2020-08-04T23:04:10 IST" finished-at="2020-08-04T23:04:15 IST">
      <class name="com.home.suiteB.TestB1">
        <test-method status="PASS" signature="testA()[pri:0, instance:com.home.suiteB.TestB1@1d16f93d]" name="testA" duration-ms="5004" started-at="2020-08-04T23:04:10 IST" finished-at="2020-08-04T23:04:15 IST">
          <reporter-output>
          </reporter-output>
        </test-method> <!-- testA -->
      </class> <!-- com.home.suiteB.TestB1 -->
    </test> <!-- Test1 -->
  </suite> <!-- SuiteB -->
</testng-results>
